Build started 11.05.2016 22:16:16.
Project "G:\Проекты\курсовая ООП\Rect\Rect\Rect.vcxproj" on node 2 (build target(s)).
InitializeBuildStatus:
  Creating "Debug\Rect.unsuccessfulbuild" because "AlwaysCreate" was specified.
ClCompile:
  C:\Program Files\Microsoft Visual Studio 10.0\VC\bin\CL.exe /c /ZI /nologo /W3 /WX- /Od /Oy- /D WIN32 /D _DEBUG /D _CONSOLE /D _UNICODE /D UNICODE /Gm /EHsc /RTC1 /MDd /GS /fp:precise /Zc:wchar_t /Zc:forScope /Fo"Debug\\" /Fd"Debug\vc100.pdb" /Gd /TP /analyze- /errorReport:prompt rect.cpp
  rect.cpp
ManifestResourceCompile:
  C:\Program Files\Microsoft SDKs\Windows\v7.0A\bin\rc.exe /nologo /fo"Debug\Rect.exe.embed.manifest.res" Debug\Rect_manifest.rc 
Link:
  C:\Program Files\Microsoft Visual Studio 10.0\VC\bin\link.exe /ERRORREPORT:PROMPT /OUT:"G:\Проекты\курсовая ООП\Rect\Debug\Rect.exe" /INCREMENTAL /NOLOGO kernel32.lib user32.lib gdi32.lib winspool.lib comdlg32.lib advapi32.lib shell32.lib ole32.lib oleaut32.lib uuid.lib odbc32.lib odbccp32.lib /MANIFEST /ManifestFile:"Debug\Rect.exe.intermediate.manifest" /MANIFESTUAC:"level='asInvoker' uiAccess='false'" /DEBUG /PDB:"G:\Проекты\курсовая ООП\Rect\Debug\Rect.pdb" /SUBSYSTEM:CONSOLE /TLBID:1 /DYNAMICBASE /NXCOMPAT /IMPLIB:"G:\Проекты\курсовая ООП\Rect\Debug\Rect.lib" /MACHINE:X86 Debug\Rect.exe.embed.manifest.res
  Debug\rect.obj
  LINK : не найден или не выполнена сборка G:\Проекты\курсовая ООП\Rect\Debug\Rect.exe при последней инкрементной компоновке; выполняется полная компоновка
Manifest:
  C:\Program Files\Microsoft SDKs\Windows\v7.0A\bin\mt.exe /nologo /verbose /out:"Debug\Rect.exe.embed.manifest" /manifest Debug\Rect.exe.intermediate.manifest
  All outputs are up-to-date.
LinkEmbedManifest:
  All outputs are up-to-date.
  Rect.vcxproj -> G:\Проекты\курсовая ООП\Rect\Debug\Rect.exe
FinalizeBuildStatus:
  Deleting file "Debug\Rect.unsuccessfulbuild".
  Touching "Debug\Rect.lastbuildstate".
Done Building Project "G:\Проекты\курсовая ООП\Rect\Rect\Rect.vcxproj" (build target(s)).

Построение успешно завершено.

Time Elapsed 00:00:34.92
